<?xml version="1.0" encoding="UTF-8"?>
<!-- Generated by org.testng.reporters.JUnitXMLReporter -->
<testsuite hostname="Robins-MacBook-Pro-2.local" name="Command line test" tests="2" failures="0" timestamp="7 Aug 2015 09:45:11 GMT" time="0.074" errors="0">
  <testcase name="testBloomFilterCreate" time="0.033" classname="com.facebook.presto.bloomfilter.TestBloomFilter"/>
  <testcase name="testBloomFilterElementExists" time="0.061" classname="com.facebook.presto.bloomfilter.TestBloomFilter"/>
</testsuite> <!-- Command line test -->
