<?xml version="1.0" encoding="UTF-8"?>
<!-- Generated by org.testng.reporters.JUnitXMLReporter -->
<testsuite hostname="Robins-MacBook-Pro-2.local" name="Command line test" tests="2" failures="0" timestamp="7 Aug 2015 08:56:28 GMT" time="0.075" errors="0">
  <testcase name="testBloomFilterCreate" time="0.035" classname="com.facebook.presto.bloomfilter.TestBloomFilter"/>
  <testcase name="testBloomFilterElementExists" time="0.062" classname="com.facebook.presto.bloomfilter.TestBloomFilter"/>
</testsuite> <!-- Command line test -->
