<?xml version="1.0" encoding="UTF-8"?>
<!-- Generated by org.testng.reporters.JUnitXMLReporter -->
<testsuite hostname="Robins-MacBook-Pro-2.local" name="Command line test" tests="6" failures="0" timestamp="7 Aug 2015 15:00:51 GMT" time="1.89" errors="0">
  <testcase name="testBloomFilterCreate" time="0.032" classname="com.facebook.presto.bloomfilter.TestBloomFilter"/>
  <testcase name="testBloomFilterSizeEstimation" time="0.032" classname="com.facebook.presto.bloomfilter.TestBloomFilter"/>
  <testcase name="testBloomFilterElementExists" time="0.042" classname="com.facebook.presto.bloomfilter.TestBloomFilter"/>
  <testcase name="testBloomFilterCreate" time="0.439" classname="com.facebook.presto.bloomfilter.TestBloomFilterSerialization"/>
  <testcase name="testBloomFiltersTypeConversions" time="0.743" classname="com.facebook.presto.bloomfilter.TestBloomFilterQueries"/>
  <testcase name="testBloomFilters" time="1.877" classname="com.facebook.presto.bloomfilter.TestBloomFilterQueries"/>
</testsuite> <!-- Command line test -->
