<?xml version="1.0" encoding="UTF-8"?>
<!-- Generated by org.testng.reporters.JUnitXMLReporter -->
<testsuite hostname="Robins-MacBook-Pro.local" name="Command line test" tests="6" failures="0" timestamp="8 Aug 2015 10:28:54 GMT" time="2.053" errors="0">
  <testcase name="testBloomFilterSizeEstimation" time="0.04" classname="com.facebook.presto.bloomfilter.TestBloomFilter"/>
  <testcase name="testBloomFilterCreate" time="0.04" classname="com.facebook.presto.bloomfilter.TestBloomFilter"/>
  <testcase name="testBloomFilterElementExists" time="0.05" classname="com.facebook.presto.bloomfilter.TestBloomFilter"/>
  <testcase name="testBloomFilterCreate" time="0.619" classname="com.facebook.presto.bloomfilter.TestBloomFilterSerialization"/>
  <testcase name="testBloomFiltersTypeConversions" time="0.895" classname="com.facebook.presto.bloomfilter.TestBloomFilterQueries"/>
  <testcase name="testBloomFilters" time="2.035" classname="com.facebook.presto.bloomfilter.TestBloomFilterQueries"/>
</testsuite> <!-- Command line test -->
