<?xml version="1.0" encoding="UTF-8"?>
<testng-results skipped="0" failed="0" total="6" passed="6">
  <reporter-output>
  </reporter-output>
  <suite name="Command line suite" duration-ms="2817" started-at="2015-08-07T13:30:39Z" finished-at="2015-08-07T13:30:42Z">
    <groups>
    </groups>
    <test name="Command line test" duration-ms="2817" started-at="2015-08-07T13:30:39Z" finished-at="2015-08-07T13:30:42Z">
      <class name="com.facebook.presto.bloomfilter.TestBloomFilterQueries">
        <test-method status="PASS" signature="testBloomFilters()[pri:0, instance:com.facebook.presto.bloomfilter.TestBloomFilterQueries@287f7811]" name="testBloomFilters" duration-ms="2791" started-at="2015-08-07T19:15:39Z" finished-at="2015-08-07T19:15:42Z">
          <reporter-output>
          </reporter-output>
        </test-method> <!-- testBloomFilters -->
        <test-method status="PASS" signature="testBloomFiltersTypeConversions()[pri:0, instance:com.facebook.presto.bloomfilter.TestBloomFilterQueries@287f7811]" name="testBloomFiltersTypeConversions" duration-ms="1155" started-at="2015-08-07T19:15:39Z" finished-at="2015-08-07T19:15:41Z">
          <reporter-output>
          </reporter-output>
        </test-method> <!-- testBloomFiltersTypeConversions -->
      </class> <!-- com.facebook.presto.bloomfilter.TestBloomFilterQueries -->
      <class name="com.facebook.presto.bloomfilter.TestBloomFilterSerialization">
        <test-method status="PASS" signature="testBloomFilterCreate()[pri:0, instance:com.facebook.presto.bloomfilter.TestBloomFilterSerialization@6e1d4137]" name="testBloomFilterCreate" duration-ms="1076" started-at="2015-08-07T19:15:39Z" finished-at="2015-08-07T19:15:40Z">
          <reporter-output>
          </reporter-output>
        </test-method> <!-- testBloomFilterCreate -->
      </class> <!-- com.facebook.presto.bloomfilter.TestBloomFilterSerialization -->
      <class name="com.facebook.presto.bloomfilter.TestBloomFilter">
        <test-method status="PASS" signature="testBloomFilterElementExists()[pri:0, instance:com.facebook.presto.bloomfilter.TestBloomFilter@7fc645e4]" name="testBloomFilterElementExists" duration-ms="122" started-at="2015-08-07T19:15:39Z" finished-at="2015-08-07T19:15:39Z">
          <reporter-output>
          </reporter-output>
        </test-method> <!-- testBloomFilterElementExists -->
        <test-method status="PASS" signature="testBloomFilterCreate()[pri:0, instance:com.facebook.presto.bloomfilter.TestBloomFilter@7fc645e4]" name="testBloomFilterCreate" duration-ms="114" started-at="2015-08-07T19:15:39Z" finished-at="2015-08-07T19:15:39Z">
          <reporter-output>
          </reporter-output>
        </test-method> <!-- testBloomFilterCreate -->
        <test-method status="PASS" signature="testBloomFilterSizeEstimation()[pri:0, instance:com.facebook.presto.bloomfilter.TestBloomFilter@7fc645e4]" name="testBloomFilterSizeEstimation" duration-ms="114" started-at="2015-08-07T19:15:39Z" finished-at="2015-08-07T19:15:39Z">
          <reporter-output>
          </reporter-output>
        </test-method> <!-- testBloomFilterSizeEstimation -->
      </class> <!-- com.facebook.presto.bloomfilter.TestBloomFilter -->
    </test> <!-- Command line test -->
  </suite> <!-- Command line suite -->
</testng-results>
